d:\testing\final_project\final_project\x64\debug\vc143.pdb
d:\testing\final_project\final_project\x64\debug\vc143.idb
d:\testing\final_project\final_project\x64\debug\tests.obj
d:\testing\final_project\final_project\x64\debug\main.obj
d:\testing\final_project\final_project\x64\debug\login.obj
d:\testing\final_project\final_project\x64\debug\db_manager.obj
d:\testing\final_project\final_project\x64\debug\create_account.obj
d:\testing\final_project\final_project\x64\debug\course_reg.obj
d:\testing\final_project\final_project\x64\debug\backend.obj
d:\testing\final_project\final_project\x64\debug\app.obj
d:\testing\final_project\x64\debug\final_project.exe
d:\testing\final_project\x64\debug\final_project.pdb
d:\testing\final_project\final_project\x64\debug\final_project.ilk
d:\testing\final_project\final_project\x64\debug\final_project.tlog\cl.command.1.tlog
d:\testing\final_project\final_project\x64\debug\final_project.tlog\cl.items.tlog
d:\testing\final_project\final_project\x64\debug\final_project.tlog\cl.read.1.tlog
d:\testing\final_project\final_project\x64\debug\final_project.tlog\cl.write.1.tlog
d:\testing\final_project\final_project\x64\debug\final_project.tlog\link.command.1.tlog
d:\testing\final_project\final_project\x64\debug\final_project.tlog\link.read.1.tlog
d:\testing\final_project\final_project\x64\debug\final_project.tlog\link.secondary.1.tlog
d:\testing\final_project\final_project\x64\debug\final_project.tlog\link.write.1.tlog
